c:\users\tquin\onedrive\documents\projects\dlx sudoku solver and generator\dlx_sudoku\x64\debug\vc143.pdb
c:\users\tquin\onedrive\documents\projects\dlx sudoku solver and generator\dlx_sudoku\x64\debug\vc143.idb
c:\users\tquin\onedrive\documents\projects\dlx sudoku solver and generator\dlx_sudoku\x64\debug\dlx.obj
c:\users\tquin\onedrive\documents\projects\dlx sudoku solver and generator\dlx_sudoku\x64\debug\main.obj
c:\users\tquin\onedrive\documents\projects\dlx sudoku solver and generator\dlx_sudoku\x64\debug\sudoku.obj
c:\users\tquin\onedrive\documents\projects\dlx sudoku solver and generator\dlx_sudoku\x64\debug\random_int.obj
c:\users\tquin\onedrive\documents\projects\dlx sudoku solver and generator\dlx_sudoku\x64\debug\toroidallinkedlist..obj
c:\users\tquin\onedrive\documents\projects\dlx sudoku solver and generator\dlx_sudoku\x64\debug\toroidallinkedlist.obj
c:\users\tquin\onedrive\documents\projects\dlx sudoku solver and generator\dlx_sudoku\x64\debug\main.obj.enc
c:\users\tquin\onedrive\documents\projects\dlx sudoku solver and generator\dlx_sudoku\x64\debug\dlx_sudoku.pdb
c:\users\tquin\onedrive\documents\projects\dlx sudoku solver and generator\dlx_sudoku\x64\debug\test_project.pdb
c:\users\tquin\onedrive\documents\projects\dlx sudoku solver and generator\dlx_sudoku\x64\debug\dlx_sudoku.tlog\cl.command.1.tlog
c:\users\tquin\onedrive\documents\projects\dlx sudoku solver and generator\dlx_sudoku\x64\debug\dlx_sudoku.tlog\cl.items.tlog
c:\users\tquin\onedrive\documents\projects\dlx sudoku solver and generator\dlx_sudoku\x64\debug\dlx_sudoku.tlog\cl.read.1.tlog
c:\users\tquin\onedrive\documents\projects\dlx sudoku solver and generator\dlx_sudoku\x64\debug\dlx_sudoku.tlog\cl.write.1.tlog
c:\users\tquin\onedrive\documents\projects\dlx sudoku solver and generator\dlx_sudoku\x64\debug\dlx_sudoku.tlog\link.21092-cvtres.read.1.tlog
c:\users\tquin\onedrive\documents\projects\dlx sudoku solver and generator\dlx_sudoku\x64\debug\dlx_sudoku.tlog\link.21092-cvtres.write.1.tlog
c:\users\tquin\onedrive\documents\projects\dlx sudoku solver and generator\dlx_sudoku\x64\debug\dlx_sudoku.tlog\link.21092-rc.read.1.tlog
c:\users\tquin\onedrive\documents\projects\dlx sudoku solver and generator\dlx_sudoku\x64\debug\dlx_sudoku.tlog\link.21092-rc.write.1.tlog
c:\users\tquin\onedrive\documents\projects\dlx sudoku solver and generator\dlx_sudoku\x64\debug\dlx_sudoku.tlog\link.21092.read.1.tlog
c:\users\tquin\onedrive\documents\projects\dlx sudoku solver and generator\dlx_sudoku\x64\debug\dlx_sudoku.tlog\link.21092.read.2.tlog
c:\users\tquin\onedrive\documents\projects\dlx sudoku solver and generator\dlx_sudoku\x64\debug\dlx_sudoku.tlog\link.21092.write.1.tlog
c:\users\tquin\onedrive\documents\projects\dlx sudoku solver and generator\dlx_sudoku\x64\debug\dlx_sudoku.tlog\link.command.1.tlog
c:\users\tquin\onedrive\documents\projects\dlx sudoku solver and generator\dlx_sudoku\x64\debug\dlx_sudoku.tlog\link.read.1.tlog
c:\users\tquin\onedrive\documents\projects\dlx sudoku solver and generator\dlx_sudoku\x64\debug\dlx_sudoku.tlog\link.write.1.tlog
